2026-05-01 14:58:03 [main] INFO  c.glamgest.app.GlamgestApplication - Starting GlamgestApplication using Java 21.0.6 with PID 19248 (C:\CODE\GlamGest-back\target\classes started by angie in C:\CODE\GlamGest-back)
2026-05-01 14:58:03 [main] INFO  c.glamgest.app.GlamgestApplication - No active profile set, falling back to 1 default profile: "default"
2026-05-01 14:58:06 [main] INFO  o.s.d.r.c.RepositoryConfigurationDelegate - Bootstrapping Spring Data JPA repositories in DEFAULT mode.
2026-05-01 14:58:07 [main] INFO  o.s.d.r.c.RepositoryConfigurationDelegate - Finished Spring Data repository scanning in 229 ms. Found 8 JPA repository interfaces.
2026-05-01 14:58:09 [main] INFO  o.s.b.w.e.tomcat.TomcatWebServer - Tomcat initialized with port 8080 (http)
2026-05-01 14:58:09 [main] INFO  o.a.catalina.core.StandardService - Starting service [Tomcat]
2026-05-01 14:58:09 [main] INFO  o.a.catalina.core.StandardEngine - Starting Servlet engine: [Apache Tomcat/10.1.52]
2026-05-01 14:58:09 [main] INFO  o.a.c.c.C.[Tomcat].[localhost].[/] - Initializing Spring embedded WebApplicationContext
2026-05-01 14:58:09 [main] INFO  o.s.b.w.s.c.ServletWebServerApplicationContext - Root WebApplicationContext: initialization completed in 6346 ms
2026-05-01 14:58:12 [main] INFO  o.h.jpa.internal.util.LogHelper - HHH000204: Processing PersistenceUnitInfo [name: default]
2026-05-01 14:58:12 [main] INFO  org.hibernate.Version - HHH000412: Hibernate ORM core version 6.6.44.Final
2026-05-01 14:58:12 [main] INFO  o.h.c.i.RegionFactoryInitiator - HHH000026: Second-level cache disabled
2026-05-01 14:58:14 [main] INFO  o.s.o.j.p.SpringPersistenceUnitInfo - No LoadTimeWeaver setup: ignoring JPA class transformer
2026-05-01 14:58:14 [main] INFO  com.zaxxer.hikari.HikariDataSource - HikariPool-1 - Starting...
2026-05-01 14:58:15 [main] INFO  com.zaxxer.hikari.pool.HikariPool - HikariPool-1 - Added connection com.mysql.cj.jdbc.ConnectionImpl@65b2ee36
2026-05-01 14:58:15 [main] INFO  com.zaxxer.hikari.HikariDataSource - HikariPool-1 - Start completed.
2026-05-01 14:58:15 [main] INFO  o.hibernate.orm.connections.pooling - HHH10001005: Database info:
	Database JDBC URL [Connecting through datasource 'HikariDataSource (HikariPool-1)']
	Database driver: undefined/unknown
	Database version: 8.0.41
	Autocommit mode: undefined/unknown
	Isolation level: undefined/unknown
	Minimum pool size: undefined/unknown
	Maximum pool size: undefined/unknown
2026-05-01 14:58:17 [main] INFO  o.h.e.t.j.p.i.JtaPlatformInitiator - HHH000489: No JTA platform available (set 'hibernate.transaction.jta.platform' to enable JTA platform integration)
2026-05-01 14:58:17 [main] INFO  o.s.o.j.LocalContainerEntityManagerFactoryBean - Initialized JPA EntityManagerFactory for persistence unit 'default'
2026-05-01 14:58:17 [main] INFO  o.s.d.j.r.query.QueryEnhancerFactory - Hibernate is in classpath; If applicable, HQL parser will be used.
2026-05-01 14:58:19 [main] WARN  o.s.s.c.a.a.c.InitializeUserDetailsBeanManagerConfigurer$InitializeUserDetailsManagerConfigurer - Global AuthenticationManager configured with an AuthenticationProvider bean. UserDetailsService beans will not be used by Spring Security for automatically configuring username/password login. Consider removing the AuthenticationProvider bean. Alternatively, consider using the UserDetailsService in a manually instantiated DaoAuthenticationProvider. If the current configuration is intentional, to turn off this warning, increase the logging level of 'org.springframework.security.config.annotation.authentication.configuration.InitializeUserDetailsBeanManagerConfigurer' to ERROR
2026-05-01 14:58:19 [main] WARN  o.s.b.a.o.j.JpaBaseConfiguration$JpaWebConfiguration - spring.jpa.open-in-view is enabled by default. Therefore, database queries may be performed during view rendering. Explicitly configure spring.jpa.open-in-view to disable this warning
2026-05-01 14:58:21 [main] INFO  o.s.b.w.e.tomcat.TomcatWebServer - Tomcat started on port 8080 (http) with context path '/'
2026-05-01 14:58:21 [main] INFO  c.glamgest.app.GlamgestApplication - Started GlamgestApplication in 18.44 seconds (process running for 18.97)
2026-05-01 14:58:21 [main] INFO  c.glamgest.app.GlamgestApplication - Aplicación GlamGest iniciada exitosamente.
2026-05-01 14:58:39 [http-nio-8080-exec-1] INFO  o.a.c.c.C.[Tomcat].[localhost].[/] - Initializing Spring DispatcherServlet 'dispatcherServlet'
2026-05-01 14:58:39 [http-nio-8080-exec-1] INFO  o.s.web.servlet.DispatcherServlet - Initializing Servlet 'dispatcherServlet'
2026-05-01 14:58:39 [http-nio-8080-exec-1] INFO  o.s.web.servlet.DispatcherServlet - Completed initialization in 0 ms
2026-05-01 14:58:41 [http-nio-8080-exec-5] INFO  o.s.api.AbstractOpenApiResource - Init duration for springdoc-openapi is: 1120 ms
2026-05-01 15:05:12 [http-nio-8080-exec-3] INFO  c.g.a.a.service.auth.LoginService - Intentando autenticar usuario: pepe@gmail
2026-05-01 15:05:12 [http-nio-8080-exec-3] DEBUG org.hibernate.SQL - select u1_0.user_id,u1_0.active,u1_0.email,u1_0.name,u1_0.password,u1_0.role_id from glamgest_db.users u1_0 where u1_0.email=? and u1_0.active=1
2026-05-01 15:05:12 [http-nio-8080-exec-3] DEBUG org.hibernate.SQL - select r1_0.role_id,r1_0.description,r1_0.name from glamgest_db.roles r1_0 where r1_0.role_id=?
2026-05-01 15:05:24 [http-nio-8080-exec-10] INFO  c.g.a.a.service.auth.LoginService - Intentando autenticar usuario: pepe@gmail.com
2026-05-01 15:05:24 [http-nio-8080-exec-10] DEBUG org.hibernate.SQL - select u1_0.user_id,u1_0.active,u1_0.email,u1_0.name,u1_0.password,u1_0.role_id from glamgest_db.users u1_0 where u1_0.email=? and u1_0.active=1
2026-05-01 15:05:29 [http-nio-8080-exec-1] INFO  c.g.a.a.service.auth.LoginService - Intentando autenticar usuario: pepe@gmail.com
2026-05-01 15:05:29 [http-nio-8080-exec-1] DEBUG org.hibernate.SQL - select u1_0.user_id,u1_0.active,u1_0.email,u1_0.name,u1_0.password,u1_0.role_id from glamgest_db.users u1_0 where u1_0.email=? and u1_0.active=1
2026-05-01 15:05:46 [http-nio-8080-exec-9] INFO  c.g.a.a.service.auth.LoginService - Intentando autenticar usuario: angietsosaj@gmail.com
2026-05-01 15:05:46 [http-nio-8080-exec-9] DEBUG org.hibernate.SQL - select u1_0.user_id,u1_0.active,u1_0.email,u1_0.name,u1_0.password,u1_0.role_id from glamgest_db.users u1_0 where u1_0.email=? and u1_0.active=1
2026-05-01 15:05:46 [http-nio-8080-exec-9] DEBUG org.hibernate.SQL - select r1_0.role_id,r1_0.description,r1_0.name from glamgest_db.roles r1_0 where r1_0.role_id=?
2026-05-01 15:05:46 [http-nio-8080-exec-9] INFO  c.g.a.a.service.auth.LoginService - Usuario autenticado exitosamente: angietsosaj@gmail.com
2026-05-01 15:06:04 [http-nio-8080-exec-4] DEBUG org.hibernate.SQL - select u1_0.user_id,u1_0.active,u1_0.email,u1_0.name,u1_0.password,u1_0.role_id from glamgest_db.users u1_0 where u1_0.email=? and u1_0.active=1
2026-05-01 15:06:04 [http-nio-8080-exec-4] DEBUG org.hibernate.SQL - select r1_0.role_id,r1_0.description,r1_0.name from glamgest_db.roles r1_0 where r1_0.role_id=?
2026-05-01 15:06:04 [http-nio-8080-exec-4] DEBUG org.hibernate.SQL - select u1_0.user_id,u1_0.active,u1_0.email,u1_0.name,u1_0.password,u1_0.role_id,ri1_0.role_id,ri1_0.description,ri1_0.name from glamgest_db.users u1_0 join glamgest_db.roles ri1_0 on ri1_0.role_id=u1_0.role_id where u1_0.user_id=?
2026-05-01 15:06:17 [http-nio-8080-exec-2] DEBUG org.hibernate.SQL - select u1_0.user_id,u1_0.active,u1_0.email,u1_0.name,u1_0.password,u1_0.role_id from glamgest_db.users u1_0 where u1_0.email=? and u1_0.active=1
2026-05-01 15:06:17 [http-nio-8080-exec-2] DEBUG org.hibernate.SQL - select r1_0.role_id,r1_0.description,r1_0.name from glamgest_db.roles r1_0 where r1_0.role_id=?
2026-05-01 15:06:17 [http-nio-8080-exec-2] DEBUG org.hibernate.SQL - select u1_0.user_id,u1_0.active,u1_0.email,u1_0.name,u1_0.password,u1_0.role_id,ri1_0.role_id,ri1_0.description,ri1_0.name from glamgest_db.users u1_0 join glamgest_db.roles ri1_0 on ri1_0.role_id=u1_0.role_id where u1_0.user_id=?
2026-05-01 15:07:24 [http-nio-8080-exec-6] DEBUG org.hibernate.SQL - select u1_0.user_id,u1_0.active,u1_0.email,u1_0.name,u1_0.password,u1_0.role_id from glamgest_db.users u1_0 where u1_0.email=? and u1_0.active=1
2026-05-01 15:07:24 [http-nio-8080-exec-6] DEBUG org.hibernate.SQL - select r1_0.role_id,r1_0.description,r1_0.name from glamgest_db.roles r1_0 where r1_0.role_id=?
2026-05-01 15:07:24 [http-nio-8080-exec-6] DEBUG org.hibernate.SQL - select u1_0.user_id,u1_0.active,u1_0.email,u1_0.name,u1_0.password,u1_0.role_id from glamgest_db.users u1_0
2026-05-01 15:07:24 [http-nio-8080-exec-6] DEBUG org.hibernate.SQL - select r1_0.role_id,r1_0.description,r1_0.name from glamgest_db.roles r1_0 where r1_0.role_id=?
2026-05-01 15:07:29 [http-nio-8080-exec-7] DEBUG org.hibernate.SQL - select u1_0.user_id,u1_0.active,u1_0.email,u1_0.name,u1_0.password,u1_0.role_id from glamgest_db.users u1_0 where u1_0.email=? and u1_0.active=1
2026-05-01 15:07:29 [http-nio-8080-exec-7] DEBUG org.hibernate.SQL - select r1_0.role_id,r1_0.description,r1_0.name from glamgest_db.roles r1_0 where r1_0.role_id=?
2026-05-01 15:07:29 [http-nio-8080-exec-7] DEBUG org.hibernate.SQL - select u1_0.user_id,u1_0.active,u1_0.email,u1_0.name,u1_0.password,u1_0.role_id,ri1_0.role_id,ri1_0.description,ri1_0.name from glamgest_db.users u1_0 join glamgest_db.roles ri1_0 on ri1_0.role_id=u1_0.role_id where u1_0.user_id=?
2026-05-01 15:07:29 [http-nio-8080-exec-7] DEBUG org.hibernate.SQL - select count(*) from glamgest_db.roles r1_0 where r1_0.role_id=?
2026-05-01 15:07:29 [http-nio-8080-exec-7] DEBUG org.hibernate.SQL - select u1_0.user_id,u1_0.active,u1_0.email,u1_0.name,u1_0.password,u1_0.role_id from glamgest_db.users u1_0 where u1_0.email=? and u1_0.active=1
2026-05-01 15:07:29 [http-nio-8080-exec-7] DEBUG org.hibernate.SQL - update glamgest_db.users set active=?,email=?,name=?,password=?,role_id=? where user_id=?
2026-05-01 15:07:37 [http-nio-8080-exec-8] DEBUG org.hibernate.SQL - select u1_0.user_id,u1_0.active,u1_0.email,u1_0.name,u1_0.password,u1_0.role_id from glamgest_db.users u1_0 where u1_0.email=? and u1_0.active=1
2026-05-01 15:07:37 [http-nio-8080-exec-8] DEBUG org.hibernate.SQL - select r1_0.role_id,r1_0.description,r1_0.name from glamgest_db.roles r1_0 where r1_0.role_id=?
2026-05-01 15:07:37 [http-nio-8080-exec-8] DEBUG org.hibernate.SQL - select u1_0.user_id,u1_0.active,u1_0.email,u1_0.name,u1_0.password,u1_0.role_id from glamgest_db.users u1_0
2026-05-01 15:07:37 [http-nio-8080-exec-8] DEBUG org.hibernate.SQL - select r1_0.role_id,r1_0.description,r1_0.name from glamgest_db.roles r1_0 where r1_0.role_id=?
2026-05-01 15:07:51 [http-nio-8080-exec-3] DEBUG org.hibernate.SQL - select u1_0.user_id,u1_0.active,u1_0.email,u1_0.name,u1_0.password,u1_0.role_id from glamgest_db.users u1_0 where u1_0.email=? and u1_0.active=1
2026-05-01 15:07:51 [http-nio-8080-exec-3] DEBUG org.hibernate.SQL - select r1_0.role_id,r1_0.description,r1_0.name from glamgest_db.roles r1_0 where r1_0.role_id=?
2026-05-01 15:07:51 [http-nio-8080-exec-3] DEBUG org.hibernate.SQL - select u1_0.user_id,u1_0.active,u1_0.email,u1_0.name,u1_0.password,u1_0.role_id,ri1_0.role_id,ri1_0.description,ri1_0.name from glamgest_db.users u1_0 join glamgest_db.roles ri1_0 on ri1_0.role_id=u1_0.role_id where u1_0.user_id=?
2026-05-01 15:07:51 [http-nio-8080-exec-3] DEBUG org.hibernate.SQL - update glamgest_db.users u1_0 set active=0 where u1_0.user_id=?
2026-05-01 15:07:56 [http-nio-8080-exec-10] DEBUG org.hibernate.SQL - select u1_0.user_id,u1_0.active,u1_0.email,u1_0.name,u1_0.password,u1_0.role_id from glamgest_db.users u1_0 where u1_0.email=? and u1_0.active=1
2026-05-01 15:07:56 [http-nio-8080-exec-10] DEBUG org.hibernate.SQL - select r1_0.role_id,r1_0.description,r1_0.name from glamgest_db.roles r1_0 where r1_0.role_id=?
2026-05-01 15:07:56 [http-nio-8080-exec-10] DEBUG org.hibernate.SQL - select u1_0.user_id,u1_0.active,u1_0.email,u1_0.name,u1_0.password,u1_0.role_id from glamgest_db.users u1_0
2026-05-01 15:07:56 [http-nio-8080-exec-10] DEBUG org.hibernate.SQL - select r1_0.role_id,r1_0.description,r1_0.name from glamgest_db.roles r1_0 where r1_0.role_id=?
2026-05-01 15:09:34 [http-nio-8080-exec-9] DEBUG org.hibernate.SQL - select u1_0.user_id,u1_0.active,u1_0.email,u1_0.name,u1_0.password,u1_0.role_id from glamgest_db.users u1_0 where u1_0.email=? and u1_0.active=1
2026-05-01 15:09:34 [http-nio-8080-exec-9] DEBUG org.hibernate.SQL - select r1_0.role_id,r1_0.description,r1_0.name from glamgest_db.roles r1_0 where r1_0.role_id=?
2026-05-01 15:09:34 [http-nio-8080-exec-9] DEBUG org.hibernate.SQL - select count(s1_0.service_id)>0 from glamgest_db.services s1_0 where s1_0.name=? and s1_0.active=1
2026-05-01 15:09:34 [http-nio-8080-exec-9] DEBUG org.hibernate.SQL - insert into glamgest_db.services (active,description,duration_minutes,name,price) values (?,?,?,?,?)
2026-05-01 15:09:42 [http-nio-8080-exec-4] DEBUG org.hibernate.SQL - select u1_0.user_id,u1_0.active,u1_0.email,u1_0.name,u1_0.password,u1_0.role_id from glamgest_db.users u1_0 where u1_0.email=? and u1_0.active=1
2026-05-01 15:09:42 [http-nio-8080-exec-4] DEBUG org.hibernate.SQL - select r1_0.role_id,r1_0.description,r1_0.name from glamgest_db.roles r1_0 where r1_0.role_id=?
2026-05-01 15:09:42 [http-nio-8080-exec-4] DEBUG org.hibernate.SQL - select count(s1_0.service_id)>0 from glamgest_db.services s1_0 where s1_0.name=? and s1_0.active=1
2026-05-01 15:10:03 [http-nio-8080-exec-2] DEBUG org.hibernate.SQL - select u1_0.user_id,u1_0.active,u1_0.email,u1_0.name,u1_0.password,u1_0.role_id from glamgest_db.users u1_0 where u1_0.email=? and u1_0.active=1
2026-05-01 15:10:03 [http-nio-8080-exec-2] DEBUG org.hibernate.SQL - select r1_0.role_id,r1_0.description,r1_0.name from glamgest_db.roles r1_0 where r1_0.role_id=?
2026-05-01 15:10:03 [http-nio-8080-exec-2] DEBUG org.hibernate.SQL - select count(s1_0.service_id)>0 from glamgest_db.services s1_0 where s1_0.name=? and s1_0.active=1
2026-05-01 15:10:03 [http-nio-8080-exec-2] DEBUG org.hibernate.SQL - insert into glamgest_db.services (active,description,duration_minutes,name,price) values (?,?,?,?,?)
2026-05-01 15:10:45 [http-nio-8080-exec-5] DEBUG org.hibernate.SQL - select u1_0.user_id,u1_0.active,u1_0.email,u1_0.name,u1_0.password,u1_0.role_id from glamgest_db.users u1_0 where u1_0.email=? and u1_0.active=1
2026-05-01 15:10:45 [http-nio-8080-exec-5] DEBUG org.hibernate.SQL - select r1_0.role_id,r1_0.description,r1_0.name from glamgest_db.roles r1_0 where r1_0.role_id=?
2026-05-01 15:10:45 [http-nio-8080-exec-5] DEBUG org.hibernate.SQL - select count(s1_0.service_id)>0 from glamgest_db.services s1_0 where s1_0.name=? and s1_0.active=1
2026-05-01 15:10:45 [http-nio-8080-exec-5] DEBUG org.hibernate.SQL - insert into glamgest_db.services (active,description,duration_minutes,name,price) values (?,?,?,?,?)
2026-05-01 15:10:54 [http-nio-8080-exec-6] DEBUG org.hibernate.SQL - select u1_0.user_id,u1_0.active,u1_0.email,u1_0.name,u1_0.password,u1_0.role_id from glamgest_db.users u1_0 where u1_0.email=? and u1_0.active=1
2026-05-01 15:10:54 [http-nio-8080-exec-6] DEBUG org.hibernate.SQL - select r1_0.role_id,r1_0.description,r1_0.name from glamgest_db.roles r1_0 where r1_0.role_id=?
2026-05-01 15:10:55 [http-nio-8080-exec-6] DEBUG org.hibernate.SQL - select s1_0.service_id,s1_0.active,s1_0.description,s1_0.duration_minutes,s1_0.name,s1_0.price from glamgest_db.services s1_0
2026-05-01 15:11:41 [http-nio-8080-exec-7] DEBUG org.hibernate.SQL - select u1_0.user_id,u1_0.active,u1_0.email,u1_0.name,u1_0.password,u1_0.role_id from glamgest_db.users u1_0 where u1_0.email=? and u1_0.active=1
2026-05-01 15:11:41 [http-nio-8080-exec-7] DEBUG org.hibernate.SQL - select r1_0.role_id,r1_0.description,r1_0.name from glamgest_db.roles r1_0 where r1_0.role_id=?
2026-05-01 15:11:41 [http-nio-8080-exec-7] DEBUG org.hibernate.SQL - select s1_0.service_id,s1_0.active,s1_0.description,s1_0.duration_minutes,s1_0.name,s1_0.price from glamgest_db.services s1_0 where s1_0.service_id=?
2026-05-01 15:11:41 [http-nio-8080-exec-7] DEBUG org.hibernate.SQL - update glamgest_db.services set active=?,description=?,duration_minutes=?,name=?,price=? where service_id=?
2026-05-01 15:12:03 [http-nio-8080-exec-8] DEBUG org.hibernate.SQL - select u1_0.user_id,u1_0.active,u1_0.email,u1_0.name,u1_0.password,u1_0.role_id from glamgest_db.users u1_0 where u1_0.email=? and u1_0.active=1
2026-05-01 15:12:03 [http-nio-8080-exec-8] DEBUG org.hibernate.SQL - select r1_0.role_id,r1_0.description,r1_0.name from glamgest_db.roles r1_0 where r1_0.role_id=?
2026-05-01 15:12:03 [http-nio-8080-exec-8] DEBUG org.hibernate.SQL - select s1_0.service_id,s1_0.active,s1_0.description,s1_0.duration_minutes,s1_0.name,s1_0.price from glamgest_db.services s1_0 where s1_0.service_id=?
2026-05-01 15:12:09 [http-nio-8080-exec-3] DEBUG org.hibernate.SQL - select u1_0.user_id,u1_0.active,u1_0.email,u1_0.name,u1_0.password,u1_0.role_id from glamgest_db.users u1_0 where u1_0.email=? and u1_0.active=1
2026-05-01 15:12:09 [http-nio-8080-exec-3] DEBUG org.hibernate.SQL - select r1_0.role_id,r1_0.description,r1_0.name from glamgest_db.roles r1_0 where r1_0.role_id=?
2026-05-01 15:12:09 [http-nio-8080-exec-3] DEBUG org.hibernate.SQL - select s1_0.service_id,s1_0.active,s1_0.description,s1_0.duration_minutes,s1_0.name,s1_0.price from glamgest_db.services s1_0
2026-05-01 15:12:27 [http-nio-8080-exec-10] DEBUG org.hibernate.SQL - select u1_0.user_id,u1_0.active,u1_0.email,u1_0.name,u1_0.password,u1_0.role_id from glamgest_db.users u1_0 where u1_0.email=? and u1_0.active=1
2026-05-01 15:12:27 [http-nio-8080-exec-10] DEBUG org.hibernate.SQL - select r1_0.role_id,r1_0.description,r1_0.name from glamgest_db.roles r1_0 where r1_0.role_id=?
2026-05-01 15:12:27 [http-nio-8080-exec-10] DEBUG org.hibernate.SQL - select s1_0.service_id,s1_0.active,s1_0.description,s1_0.duration_minutes,s1_0.name,s1_0.price from glamgest_db.services s1_0 where s1_0.service_id=?
2026-05-01 15:12:27 [http-nio-8080-exec-10] DEBUG org.hibernate.SQL - update glamgest_db.services s1_0 set active=0 where s1_0.service_id=?
2026-05-01 15:12:31 [http-nio-8080-exec-1] DEBUG org.hibernate.SQL - select u1_0.user_id,u1_0.active,u1_0.email,u1_0.name,u1_0.password,u1_0.role_id from glamgest_db.users u1_0 where u1_0.email=? and u1_0.active=1
2026-05-01 15:12:31 [http-nio-8080-exec-1] DEBUG org.hibernate.SQL - select r1_0.role_id,r1_0.description,r1_0.name from glamgest_db.roles r1_0 where r1_0.role_id=?
2026-05-01 15:12:31 [http-nio-8080-exec-1] DEBUG org.hibernate.SQL - select s1_0.service_id,s1_0.active,s1_0.description,s1_0.duration_minutes,s1_0.name,s1_0.price from glamgest_db.services s1_0
2026-05-01 15:13:12 [http-nio-8080-exec-9] DEBUG org.hibernate.SQL - select u1_0.user_id,u1_0.active,u1_0.email,u1_0.name,u1_0.password,u1_0.role_id from glamgest_db.users u1_0 where u1_0.email=? and u1_0.active=1
2026-05-01 15:13:12 [http-nio-8080-exec-9] DEBUG org.hibernate.SQL - select r1_0.role_id,r1_0.description,r1_0.name from glamgest_db.roles r1_0 where r1_0.role_id=?
2026-05-01 15:13:12 [http-nio-8080-exec-9] DEBUG org.hibernate.SQL - select c1_0.client_id,c1_0.email,c1_0.name,c1_0.phone,c1_0.registration_date from glamgest_db.clients c1_0
2026-05-01 15:13:36 [http-nio-8080-exec-4] DEBUG org.hibernate.SQL - select u1_0.user_id,u1_0.active,u1_0.email,u1_0.name,u1_0.password,u1_0.role_id from glamgest_db.users u1_0 where u1_0.email=? and u1_0.active=1
2026-05-01 15:13:36 [http-nio-8080-exec-4] DEBUG org.hibernate.SQL - select r1_0.role_id,r1_0.description,r1_0.name from glamgest_db.roles r1_0 where r1_0.role_id=?
2026-05-01 15:13:36 [http-nio-8080-exec-4] DEBUG org.hibernate.SQL - select c1_0.client_id,c1_0.email,c1_0.name,c1_0.phone,c1_0.registration_date from glamgest_db.clients c1_0 where c1_0.client_id=?
2026-05-01 15:13:36 [http-nio-8080-exec-4] DEBUG org.hibernate.SQL - select c1_0.client_id from glamgest_db.clients c1_0 where c1_0.email=? limit ?
2026-05-01 15:13:36 [http-nio-8080-exec-4] DEBUG org.hibernate.SQL - select c1_0.client_id from glamgest_db.clients c1_0 where c1_0.phone=? limit ?
2026-05-01 15:13:36 [http-nio-8080-exec-4] DEBUG org.hibernate.SQL - update glamgest_db.clients set email=?,name=?,phone=?,registration_date=? where client_id=?
2026-05-01 15:13:46 [http-nio-8080-exec-2] DEBUG org.hibernate.SQL - select u1_0.user_id,u1_0.active,u1_0.email,u1_0.name,u1_0.password,u1_0.role_id from glamgest_db.users u1_0 where u1_0.email=? and u1_0.active=1
2026-05-01 15:13:46 [http-nio-8080-exec-2] DEBUG org.hibernate.SQL - select r1_0.role_id,r1_0.description,r1_0.name from glamgest_db.roles r1_0 where r1_0.role_id=?
2026-05-01 15:13:46 [http-nio-8080-exec-2] DEBUG org.hibernate.SQL - select c1_0.client_id,c1_0.email,c1_0.name,c1_0.phone,c1_0.registration_date from glamgest_db.clients c1_0
2026-05-01 15:14:52 [http-nio-8080-exec-6] DEBUG org.hibernate.SQL - select u1_0.user_id,u1_0.active,u1_0.email,u1_0.name,u1_0.password,u1_0.role_id from glamgest_db.users u1_0 where u1_0.email=? and u1_0.active=1
2026-05-01 15:14:52 [http-nio-8080-exec-6] DEBUG org.hibernate.SQL - select r1_0.role_id,r1_0.description,r1_0.name from glamgest_db.roles r1_0 where r1_0.role_id=?
2026-05-01 15:14:52 [http-nio-8080-exec-6] DEBUG org.hibernate.SQL - select c1_0.client_id,c1_0.email,c1_0.name,c1_0.phone,c1_0.registration_date from glamgest_db.clients c1_0 where c1_0.client_id=?
2026-05-01 15:14:52 [http-nio-8080-exec-6] DEBUG org.hibernate.SQL - select u1_0.user_id,u1_0.active,u1_0.email,u1_0.name,u1_0.password,u1_0.role_id,ri1_0.role_id,ri1_0.description,ri1_0.name from glamgest_db.users u1_0 join glamgest_db.roles ri1_0 on ri1_0.role_id=u1_0.role_id where u1_0.user_id=?
2026-05-01 15:14:52 [http-nio-8080-exec-6] DEBUG org.hibernate.SQL - select a1_0.appointment_id,a1_0.appointment_datetime,a1_0.client_id,ci1_0.client_id,ci1_0.email,ci1_0.name,ci1_0.phone,ci1_0.registration_date,a1_0.employee_id,ei1_0.employee_id,ei1_0.active,ei1_0.name,ei1_0.phone,a1_0.notes,a1_0.service_id,si1_0.service_id,si1_0.active,si1_0.description,si1_0.duration_minutes,si1_0.name,si1_0.price,a1_0.status,a1_0.user_id,ui1_0.user_id,ui1_0.active,ui1_0.email,ui1_0.name,ui1_0.password,ui1_0.role_id,ri1_0.role_id,ri1_0.description,ri1_0.name from glamgest_db.appointments a1_0 join glamgest_db.clients ci1_0 on ci1_0.client_id=a1_0.client_id join glamgest_db.employees ei1_0 on ei1_0.employee_id=a1_0.employee_id join glamgest_db.services si1_0 on si1_0.service_id=a1_0.service_id join glamgest_db.users ui1_0 on ui1_0.user_id=a1_0.user_id join glamgest_db.roles ri1_0 on ri1_0.role_id=ui1_0.role_id where a1_0.appointment_id=?
2026-05-01 15:15:31 [http-nio-8080-exec-7] DEBUG org.hibernate.SQL - select u1_0.user_id,u1_0.active,u1_0.email,u1_0.name,u1_0.password,u1_0.role_id from glamgest_db.users u1_0 where u1_0.email=? and u1_0.active=1
2026-05-01 15:15:31 [http-nio-8080-exec-7] DEBUG org.hibernate.SQL - select r1_0.role_id,r1_0.description,r1_0.name from glamgest_db.roles r1_0 where r1_0.role_id=?
2026-05-01 15:15:31 [http-nio-8080-exec-7] DEBUG org.hibernate.SQL - select c1_0.client_id,c1_0.email,c1_0.name,c1_0.phone,c1_0.registration_date from glamgest_db.clients c1_0 where c1_0.client_id=?
2026-05-01 15:15:31 [http-nio-8080-exec-7] DEBUG org.hibernate.SQL - select e1_0.employee_id,e1_0.active,e1_0.name,e1_0.phone from glamgest_db.employees e1_0 where e1_0.employee_id=?
2026-05-01 15:15:31 [http-nio-8080-exec-7] DEBUG org.hibernate.SQL - select s1_0.service_id,s1_0.active,s1_0.description,s1_0.duration_minutes,s1_0.name,s1_0.price from glamgest_db.services s1_0 where s1_0.service_id=?
2026-05-01 15:15:39 [http-nio-8080-exec-8] DEBUG org.hibernate.SQL - select u1_0.user_id,u1_0.active,u1_0.email,u1_0.name,u1_0.password,u1_0.role_id from glamgest_db.users u1_0 where u1_0.email=? and u1_0.active=1
2026-05-01 15:15:39 [http-nio-8080-exec-8] DEBUG org.hibernate.SQL - select r1_0.role_id,r1_0.description,r1_0.name from glamgest_db.roles r1_0 where r1_0.role_id=?
2026-05-01 15:15:39 [http-nio-8080-exec-8] DEBUG org.hibernate.SQL - select c1_0.client_id,c1_0.email,c1_0.name,c1_0.phone,c1_0.registration_date from glamgest_db.clients c1_0 where c1_0.client_id=?
2026-05-01 15:15:39 [http-nio-8080-exec-8] DEBUG org.hibernate.SQL - select e1_0.employee_id,e1_0.active,e1_0.name,e1_0.phone from glamgest_db.employees e1_0 where e1_0.employee_id=?
2026-05-01 15:15:39 [http-nio-8080-exec-8] DEBUG org.hibernate.SQL - select s1_0.service_id,s1_0.active,s1_0.description,s1_0.duration_minutes,s1_0.name,s1_0.price from glamgest_db.services s1_0 where s1_0.service_id=?
2026-05-01 15:15:39 [http-nio-8080-exec-8] DEBUG org.hibernate.SQL - select u1_0.user_id,u1_0.active,u1_0.email,u1_0.name,u1_0.password,u1_0.role_id from glamgest_db.users u1_0 where u1_0.email=? and u1_0.active=1
2026-05-01 15:15:39 [http-nio-8080-exec-8] DEBUG org.hibernate.SQL - select r1_0.role_id,r1_0.description,r1_0.name from glamgest_db.roles r1_0 where r1_0.role_id=?
2026-05-01 15:15:39 [http-nio-8080-exec-8] DEBUG org.hibernate.SQL - insert into glamgest_db.appointments (appointment_datetime,client_id,employee_id,notes,service_id,status,user_id) values (?,?,?,?,?,?,?)
2026-05-01 15:16:50 [http-nio-8080-exec-10] DEBUG org.hibernate.SQL - select u1_0.user_id,u1_0.active,u1_0.email,u1_0.name,u1_0.password,u1_0.role_id from glamgest_db.users u1_0 where u1_0.email=? and u1_0.active=1
2026-05-01 15:16:50 [http-nio-8080-exec-10] DEBUG org.hibernate.SQL - select r1_0.role_id,r1_0.description,r1_0.name from glamgest_db.roles r1_0 where r1_0.role_id=?
2026-05-01 15:16:50 [http-nio-8080-exec-10] DEBUG org.hibernate.SQL - select c1_0.client_id,c1_0.email,c1_0.name,c1_0.phone,c1_0.registration_date from glamgest_db.clients c1_0 where c1_0.client_id=?
2026-05-01 15:16:50 [http-nio-8080-exec-10] DEBUG org.hibernate.SQL - select u1_0.user_id,u1_0.active,u1_0.email,u1_0.name,u1_0.password,u1_0.role_id,ri1_0.role_id,ri1_0.description,ri1_0.name from glamgest_db.users u1_0 join glamgest_db.roles ri1_0 on ri1_0.role_id=u1_0.role_id where u1_0.user_id=?
2026-05-01 15:16:50 [http-nio-8080-exec-10] DEBUG org.hibernate.SQL - select a1_0.appointment_id,a1_0.appointment_datetime,a1_0.client_id,ci1_0.client_id,ci1_0.email,ci1_0.name,ci1_0.phone,ci1_0.registration_date,a1_0.employee_id,ei1_0.employee_id,ei1_0.active,ei1_0.name,ei1_0.phone,a1_0.notes,a1_0.service_id,si1_0.service_id,si1_0.active,si1_0.description,si1_0.duration_minutes,si1_0.name,si1_0.price,a1_0.status,a1_0.user_id,ui1_0.user_id,ui1_0.active,ui1_0.email,ui1_0.name,ui1_0.password,ui1_0.role_id,ri1_0.role_id,ri1_0.description,ri1_0.name from glamgest_db.appointments a1_0 join glamgest_db.clients ci1_0 on ci1_0.client_id=a1_0.client_id join glamgest_db.employees ei1_0 on ei1_0.employee_id=a1_0.employee_id join glamgest_db.services si1_0 on si1_0.service_id=a1_0.service_id join glamgest_db.users ui1_0 on ui1_0.user_id=a1_0.user_id join glamgest_db.roles ri1_0 on ri1_0.role_id=ui1_0.role_id where a1_0.appointment_id=?
2026-05-01 15:16:50 [http-nio-8080-exec-10] DEBUG org.hibernate.SQL - select e1_0.employee_id,e1_0.active,e1_0.name,e1_0.phone from glamgest_db.employees e1_0 where e1_0.employee_id=?
2026-05-01 15:17:12 [http-nio-8080-exec-1] DEBUG org.hibernate.SQL - select u1_0.user_id,u1_0.active,u1_0.email,u1_0.name,u1_0.password,u1_0.role_id from glamgest_db.users u1_0 where u1_0.email=? and u1_0.active=1
2026-05-01 15:17:12 [http-nio-8080-exec-1] DEBUG org.hibernate.SQL - select r1_0.role_id,r1_0.description,r1_0.name from glamgest_db.roles r1_0 where r1_0.role_id=?
2026-05-01 15:17:12 [http-nio-8080-exec-1] DEBUG org.hibernate.SQL - select c1_0.client_id,c1_0.email,c1_0.name,c1_0.phone,c1_0.registration_date from glamgest_db.clients c1_0 where c1_0.client_id=?
2026-05-01 15:17:12 [http-nio-8080-exec-1] DEBUG org.hibernate.SQL - select u1_0.user_id,u1_0.active,u1_0.email,u1_0.name,u1_0.password,u1_0.role_id,ri1_0.role_id,ri1_0.description,ri1_0.name from glamgest_db.users u1_0 join glamgest_db.roles ri1_0 on ri1_0.role_id=u1_0.role_id where u1_0.user_id=?
2026-05-01 15:17:12 [http-nio-8080-exec-1] DEBUG org.hibernate.SQL - select a1_0.appointment_id,a1_0.appointment_datetime,a1_0.client_id,ci1_0.client_id,ci1_0.email,ci1_0.name,ci1_0.phone,ci1_0.registration_date,a1_0.employee_id,ei1_0.employee_id,ei1_0.active,ei1_0.name,ei1_0.phone,a1_0.notes,a1_0.service_id,si1_0.service_id,si1_0.active,si1_0.description,si1_0.duration_minutes,si1_0.name,si1_0.price,a1_0.status,a1_0.user_id,ui1_0.user_id,ui1_0.active,ui1_0.email,ui1_0.name,ui1_0.password,ui1_0.role_id,ri1_0.role_id,ri1_0.description,ri1_0.name from glamgest_db.appointments a1_0 join glamgest_db.clients ci1_0 on ci1_0.client_id=a1_0.client_id join glamgest_db.employees ei1_0 on ei1_0.employee_id=a1_0.employee_id join glamgest_db.services si1_0 on si1_0.service_id=a1_0.service_id join glamgest_db.users ui1_0 on ui1_0.user_id=a1_0.user_id join glamgest_db.roles ri1_0 on ri1_0.role_id=ui1_0.role_id where a1_0.appointment_id=?
2026-05-01 15:17:12 [http-nio-8080-exec-1] DEBUG org.hibernate.SQL - insert into glamgest_db.sales (client_id,payment_type,sale_datetime,total,user_id) values (?,?,?,?,?)
2026-05-01 15:17:12 [http-nio-8080-exec-1] DEBUG org.hibernate.SQL - insert into glamgest_db.sale_details (appointment_id,employee_id,quantity,sale_id,service_id,subtotal,unit_price) values (?,?,?,?,?,?,?)
2026-05-01 15:18:18 [http-nio-8080-exec-4] DEBUG org.hibernate.SQL - select u1_0.user_id,u1_0.active,u1_0.email,u1_0.name,u1_0.password,u1_0.role_id from glamgest_db.users u1_0 where u1_0.email=? and u1_0.active=1
2026-05-01 15:18:18 [http-nio-8080-exec-4] DEBUG org.hibernate.SQL - select r1_0.role_id,r1_0.description,r1_0.name from glamgest_db.roles r1_0 where r1_0.role_id=?
2026-05-01 15:18:54 [http-nio-8080-exec-2] DEBUG org.hibernate.SQL - select u1_0.user_id,u1_0.active,u1_0.email,u1_0.name,u1_0.password,u1_0.role_id from glamgest_db.users u1_0 where u1_0.email=? and u1_0.active=1
2026-05-01 15:18:54 [http-nio-8080-exec-2] DEBUG org.hibernate.SQL - select r1_0.role_id,r1_0.description,r1_0.name from glamgest_db.roles r1_0 where r1_0.role_id=?
2026-05-01 15:19:15 [http-nio-8080-exec-5] DEBUG org.hibernate.SQL - select u1_0.user_id,u1_0.active,u1_0.email,u1_0.name,u1_0.password,u1_0.role_id from glamgest_db.users u1_0 where u1_0.email=? and u1_0.active=1
2026-05-01 15:19:15 [http-nio-8080-exec-5] DEBUG org.hibernate.SQL - select r1_0.role_id,r1_0.description,r1_0.name from glamgest_db.roles r1_0 where r1_0.role_id=?
2026-05-01 15:20:05 [http-nio-8080-exec-6] DEBUG org.hibernate.SQL - select u1_0.user_id,u1_0.active,u1_0.email,u1_0.name,u1_0.password,u1_0.role_id from glamgest_db.users u1_0 where u1_0.email=? and u1_0.active=1
2026-05-01 15:20:05 [http-nio-8080-exec-6] DEBUG org.hibernate.SQL - select r1_0.role_id,r1_0.description,r1_0.name from glamgest_db.roles r1_0 where r1_0.role_id=?
2026-05-01 15:20:38 [http-nio-8080-exec-8] INFO  c.g.a.a.service.auth.LoginService - Intentando autenticar usuario: angietsosaj@gmail.com
2026-05-01 15:20:38 [http-nio-8080-exec-8] DEBUG org.hibernate.SQL - select u1_0.user_id,u1_0.active,u1_0.email,u1_0.name,u1_0.password,u1_0.role_id from glamgest_db.users u1_0 where u1_0.email=? and u1_0.active=1
2026-05-01 15:20:38 [http-nio-8080-exec-8] DEBUG org.hibernate.SQL - select r1_0.role_id,r1_0.description,r1_0.name from glamgest_db.roles r1_0 where r1_0.role_id=?
2026-05-01 15:20:38 [http-nio-8080-exec-8] INFO  c.g.a.a.service.auth.LoginService - Usuario autenticado exitosamente: angietsosaj@gmail.com
2026-05-01 15:20:50 [http-nio-8080-exec-3] DEBUG org.hibernate.SQL - select u1_0.user_id,u1_0.active,u1_0.email,u1_0.name,u1_0.password,u1_0.role_id from glamgest_db.users u1_0 where u1_0.email=? and u1_0.active=1
2026-05-01 15:20:50 [http-nio-8080-exec-3] DEBUG org.hibernate.SQL - select r1_0.role_id,r1_0.description,r1_0.name from glamgest_db.roles r1_0 where r1_0.role_id=?
2026-05-01 15:20:50 [http-nio-8080-exec-3] DEBUG org.hibernate.SQL - select c1_0.client_id,c1_0.email,c1_0.name,c1_0.phone,c1_0.registration_date from glamgest_db.clients c1_0 where c1_0.client_id=?
2026-05-01 15:21:14 [http-nio-8080-exec-10] DEBUG org.hibernate.SQL - select u1_0.user_id,u1_0.active,u1_0.email,u1_0.name,u1_0.password,u1_0.role_id from glamgest_db.users u1_0 where u1_0.email=? and u1_0.active=1
2026-05-01 15:21:14 [http-nio-8080-exec-10] DEBUG org.hibernate.SQL - select r1_0.role_id,r1_0.description,r1_0.name from glamgest_db.roles r1_0 where r1_0.role_id=?
2026-05-01 15:21:14 [http-nio-8080-exec-10] DEBUG org.hibernate.SQL - select c1_0.client_id,c1_0.email,c1_0.name,c1_0.phone,c1_0.registration_date from glamgest_db.clients c1_0 where c1_0.client_id=?
2026-05-01 15:21:14 [http-nio-8080-exec-10] DEBUG org.hibernate.SQL - select e1_0.employee_id,e1_0.active,e1_0.name,e1_0.phone from glamgest_db.employees e1_0 where e1_0.employee_id=?
2026-05-01 15:21:34 [http-nio-8080-exec-1] DEBUG org.hibernate.SQL - select u1_0.user_id,u1_0.active,u1_0.email,u1_0.name,u1_0.password,u1_0.role_id from glamgest_db.users u1_0 where u1_0.email=? and u1_0.active=1
2026-05-01 15:21:34 [http-nio-8080-exec-1] DEBUG org.hibernate.SQL - select r1_0.role_id,r1_0.description,r1_0.name from glamgest_db.roles r1_0 where r1_0.role_id=?
2026-05-01 15:21:48 [http-nio-8080-exec-9] DEBUG org.hibernate.SQL - select u1_0.user_id,u1_0.active,u1_0.email,u1_0.name,u1_0.password,u1_0.role_id from glamgest_db.users u1_0 where u1_0.email=? and u1_0.active=1
2026-05-01 15:21:48 [http-nio-8080-exec-9] DEBUG org.hibernate.SQL - select r1_0.role_id,r1_0.description,r1_0.name from glamgest_db.roles r1_0 where r1_0.role_id=?
2026-05-01 15:21:48 [http-nio-8080-exec-9] DEBUG org.hibernate.SQL - select c1_0.client_id,c1_0.email,c1_0.name,c1_0.phone,c1_0.registration_date from glamgest_db.clients c1_0 where c1_0.client_id=?
2026-05-01 15:21:48 [http-nio-8080-exec-9] DEBUG org.hibernate.SQL - select e1_0.employee_id,e1_0.active,e1_0.name,e1_0.phone from glamgest_db.employees e1_0 where e1_0.employee_id=?
2026-05-01 15:21:48 [http-nio-8080-exec-9] DEBUG org.hibernate.SQL - select s1_0.service_id,s1_0.active,s1_0.description,s1_0.duration_minutes,s1_0.name,s1_0.price from glamgest_db.services s1_0 where s1_0.service_id=?
2026-05-01 15:21:48 [http-nio-8080-exec-9] DEBUG org.hibernate.SQL - select u1_0.user_id,u1_0.active,u1_0.email,u1_0.name,u1_0.password,u1_0.role_id from glamgest_db.users u1_0 where u1_0.email=? and u1_0.active=1
2026-05-01 15:21:48 [http-nio-8080-exec-9] DEBUG org.hibernate.SQL - select r1_0.role_id,r1_0.description,r1_0.name from glamgest_db.roles r1_0 where r1_0.role_id=?
2026-05-01 15:21:48 [http-nio-8080-exec-9] DEBUG org.hibernate.SQL - insert into glamgest_db.appointments (appointment_datetime,client_id,employee_id,notes,service_id,status,user_id) values (?,?,?,?,?,?,?)
2026-05-01 15:25:09 [http-nio-8080-exec-5] DEBUG org.hibernate.SQL - select u1_0.user_id,u1_0.active,u1_0.email,u1_0.name,u1_0.password,u1_0.role_id from glamgest_db.users u1_0 where u1_0.email=? and u1_0.active=1
2026-05-01 15:25:09 [http-nio-8080-exec-5] DEBUG org.hibernate.SQL - select r1_0.role_id,r1_0.description,r1_0.name from glamgest_db.roles r1_0 where r1_0.role_id=?
2026-05-01 15:25:09 [http-nio-8080-exec-5] DEBUG org.hibernate.SQL - select c1_0.client_id,c1_0.email,c1_0.name,c1_0.phone,c1_0.registration_date from glamgest_db.clients c1_0 where c1_0.client_id=?
2026-05-01 15:25:17 [http-nio-8080-exec-6] DEBUG org.hibernate.SQL - select u1_0.user_id,u1_0.active,u1_0.email,u1_0.name,u1_0.password,u1_0.role_id from glamgest_db.users u1_0 where u1_0.email=? and u1_0.active=1
2026-05-01 15:25:17 [http-nio-8080-exec-6] DEBUG org.hibernate.SQL - select r1_0.role_id,r1_0.description,r1_0.name from glamgest_db.roles r1_0 where r1_0.role_id=?
2026-05-01 15:25:17 [http-nio-8080-exec-6] DEBUG org.hibernate.SQL - select c1_0.client_id,c1_0.email,c1_0.name,c1_0.phone,c1_0.registration_date from glamgest_db.clients c1_0 where c1_0.client_id=?
2026-05-01 15:25:17 [http-nio-8080-exec-6] DEBUG org.hibernate.SQL - select u1_0.user_id,u1_0.active,u1_0.email,u1_0.name,u1_0.password,u1_0.role_id,ri1_0.role_id,ri1_0.description,ri1_0.name from glamgest_db.users u1_0 join glamgest_db.roles ri1_0 on ri1_0.role_id=u1_0.role_id where u1_0.user_id=?
2026-05-01 15:25:17 [http-nio-8080-exec-6] DEBUG org.hibernate.SQL - select a1_0.appointment_id,a1_0.appointment_datetime,a1_0.client_id,ci1_0.client_id,ci1_0.email,ci1_0.name,ci1_0.phone,ci1_0.registration_date,a1_0.employee_id,ei1_0.employee_id,ei1_0.active,ei1_0.name,ei1_0.phone,a1_0.notes,a1_0.service_id,si1_0.service_id,si1_0.active,si1_0.description,si1_0.duration_minutes,si1_0.name,si1_0.price,a1_0.status,a1_0.user_id,ui1_0.user_id,ui1_0.active,ui1_0.email,ui1_0.name,ui1_0.password,ui1_0.role_id,ri1_0.role_id,ri1_0.description,ri1_0.name from glamgest_db.appointments a1_0 join glamgest_db.clients ci1_0 on ci1_0.client_id=a1_0.client_id join glamgest_db.employees ei1_0 on ei1_0.employee_id=a1_0.employee_id join glamgest_db.services si1_0 on si1_0.service_id=a1_0.service_id join glamgest_db.users ui1_0 on ui1_0.user_id=a1_0.user_id join glamgest_db.roles ri1_0 on ri1_0.role_id=ui1_0.role_id where a1_0.appointment_id=?
2026-05-01 15:25:17 [http-nio-8080-exec-6] DEBUG org.hibernate.SQL - select s1_0.service_id,s1_0.active,s1_0.description,s1_0.duration_minutes,s1_0.name,s1_0.price from glamgest_db.services s1_0 where s1_0.service_id=?
2026-05-01 15:25:17 [http-nio-8080-exec-6] DEBUG org.hibernate.SQL - insert into glamgest_db.sales (client_id,payment_type,sale_datetime,total,user_id) values (?,?,?,?,?)
2026-05-01 15:25:17 [http-nio-8080-exec-6] DEBUG org.hibernate.SQL - insert into glamgest_db.sale_details (appointment_id,employee_id,quantity,sale_id,service_id,subtotal,unit_price) values (?,?,?,?,?,?,?)
2026-05-01 15:25:17 [http-nio-8080-exec-6] DEBUG org.hibernate.SQL - insert into glamgest_db.sale_details (appointment_id,employee_id,quantity,sale_id,service_id,subtotal,unit_price) values (?,?,?,?,?,?,?)
2026-05-01 15:26:29 [http-nio-8080-exec-8] DEBUG org.hibernate.SQL - select u1_0.user_id,u1_0.active,u1_0.email,u1_0.name,u1_0.password,u1_0.role_id from glamgest_db.users u1_0 where u1_0.email=? and u1_0.active=1
2026-05-01 15:26:29 [http-nio-8080-exec-8] DEBUG org.hibernate.SQL - select r1_0.role_id,r1_0.description,r1_0.name from glamgest_db.roles r1_0 where r1_0.role_id=?
2026-05-01 15:26:29 [http-nio-8080-exec-8] DEBUG org.hibernate.SQL - select c1_0.client_id,c1_0.email,c1_0.name,c1_0.phone,c1_0.registration_date from glamgest_db.clients c1_0 where c1_0.client_id=?
2026-05-01 15:27:58 [http-nio-8080-exec-10] DEBUG org.hibernate.SQL - select u1_0.user_id,u1_0.active,u1_0.email,u1_0.name,u1_0.password,u1_0.role_id from glamgest_db.users u1_0 where u1_0.email=? and u1_0.active=1
2026-05-01 15:27:58 [http-nio-8080-exec-10] DEBUG org.hibernate.SQL - select r1_0.role_id,r1_0.description,r1_0.name from glamgest_db.roles r1_0 where r1_0.role_id=?
2026-05-01 15:30:49 [http-nio-8080-exec-1] DEBUG org.hibernate.SQL - select u1_0.user_id,u1_0.active,u1_0.email,u1_0.name,u1_0.password,u1_0.role_id from glamgest_db.users u1_0 where u1_0.email=? and u1_0.active=1
2026-05-01 15:30:49 [http-nio-8080-exec-1] DEBUG org.hibernate.SQL - select r1_0.role_id,r1_0.description,r1_0.name from glamgest_db.roles r1_0 where r1_0.role_id=?
2026-05-01 15:30:49 [http-nio-8080-exec-1] DEBUG org.hibernate.SQL - select c1_0.client_id,c1_0.email,c1_0.name,c1_0.phone,c1_0.registration_date from glamgest_db.clients c1_0 where c1_0.client_id=?
2026-05-01 15:30:49 [http-nio-8080-exec-1] DEBUG org.hibernate.SQL - select u1_0.user_id,u1_0.active,u1_0.email,u1_0.name,u1_0.password,u1_0.role_id,ri1_0.role_id,ri1_0.description,ri1_0.name from glamgest_db.users u1_0 join glamgest_db.roles ri1_0 on ri1_0.role_id=u1_0.role_id where u1_0.user_id=?
2026-05-01 15:30:49 [http-nio-8080-exec-1] DEBUG org.hibernate.SQL - select s1_0.service_id,s1_0.active,s1_0.description,s1_0.duration_minutes,s1_0.name,s1_0.price from glamgest_db.services s1_0 where s1_0.service_id=?
2026-05-01 15:30:49 [http-nio-8080-exec-1] DEBUG org.hibernate.SQL - select e1_0.employee_id,e1_0.active,e1_0.name,e1_0.phone from glamgest_db.employees e1_0 where e1_0.employee_id=?
2026-05-01 15:30:49 [http-nio-8080-exec-1] DEBUG org.hibernate.SQL - insert into glamgest_db.sales (client_id,payment_type,sale_datetime,total,user_id) values (?,?,?,?,?)
2026-05-01 15:30:49 [http-nio-8080-exec-1] DEBUG org.hibernate.SQL - insert into glamgest_db.sale_details (appointment_id,employee_id,quantity,sale_id,service_id,subtotal,unit_price) values (?,?,?,?,?,?,?)
2026-05-01 15:30:49 [http-nio-8080-exec-1] DEBUG org.hibernate.SQL - insert into glamgest_db.sale_details (appointment_id,employee_id,quantity,sale_id,service_id,subtotal,unit_price) values (?,?,?,?,?,?,?)
2026-05-01 15:32:41 [http-nio-8080-exec-4] DEBUG org.hibernate.SQL - select u1_0.user_id,u1_0.active,u1_0.email,u1_0.name,u1_0.password,u1_0.role_id from glamgest_db.users u1_0 where u1_0.email=? and u1_0.active=1
2026-05-01 15:32:41 [http-nio-8080-exec-4] DEBUG org.hibernate.SQL - select r1_0.role_id,r1_0.description,r1_0.name from glamgest_db.roles r1_0 where r1_0.role_id=?
2026-05-01 15:32:41 [http-nio-8080-exec-4] DEBUG org.hibernate.SQL - select s1_0.sale_id,s1_0.client_id,ci1_0.client_id,ci1_0.email,ci1_0.name,ci1_0.phone,ci1_0.registration_date,s1_0.payment_type,s1_0.sale_datetime,s1_0.total,s1_0.user_id,ui1_0.user_id,ui1_0.active,ui1_0.email,ui1_0.name,ui1_0.password,ui1_0.role_id,ri1_0.role_id,ri1_0.description,ri1_0.name from glamgest_db.sales s1_0 join glamgest_db.clients ci1_0 on ci1_0.client_id=s1_0.client_id join glamgest_db.users ui1_0 on ui1_0.user_id=s1_0.user_id join glamgest_db.roles ri1_0 on ri1_0.role_id=ui1_0.role_id where s1_0.sale_id=?
2026-05-01 15:32:41 [http-nio-8080-exec-4] DEBUG org.hibernate.SQL - select sdl1_0.sale_id,sdl1_0.detail_id,ai1_0.appointment_id,ai1_0.appointment_datetime,ai1_0.client_id,ci1_0.client_id,ci1_0.email,ci1_0.name,ci1_0.phone,ci1_0.registration_date,ai1_0.employee_id,ei1_0.employee_id,ei1_0.active,ei1_0.name,ei1_0.phone,ai1_0.notes,ai1_0.service_id,si1_0.service_id,si1_0.active,si1_0.description,si1_0.duration_minutes,si1_0.name,si1_0.price,ai1_0.status,ai1_0.user_id,ui1_0.user_id,ui1_0.active,ui1_0.email,ui1_0.name,ui1_0.password,ui1_0.role_id,sdl1_0.employee_id,ei2_0.employee_id,ei2_0.active,ei2_0.name,ei2_0.phone,sdl1_0.quantity,sdl1_0.service_id,si3_0.service_id,si3_0.active,si3_0.description,si3_0.duration_minutes,si3_0.name,si3_0.price,sdl1_0.subtotal,sdl1_0.unit_price from glamgest_db.sale_details sdl1_0 left join glamgest_db.appointments ai1_0 on ai1_0.appointment_id=sdl1_0.appointment_id left join glamgest_db.clients ci1_0 on ci1_0.client_id=ai1_0.client_id left join glamgest_db.employees ei1_0 on ei1_0.employee_id=ai1_0.employee_id left join glamgest_db.services si1_0 on si1_0.service_id=ai1_0.service_id left join glamgest_db.users ui1_0 on ui1_0.user_id=ai1_0.user_id left join glamgest_db.employees ei2_0 on ei2_0.employee_id=sdl1_0.employee_id left join glamgest_db.services si3_0 on si3_0.service_id=sdl1_0.service_id where sdl1_0.sale_id=?
2026-05-01 15:32:41 [http-nio-8080-exec-4] DEBUG org.hibernate.SQL - delete from glamgest_db.sale_details where detail_id=?
2026-05-01 15:32:41 [http-nio-8080-exec-4] DEBUG org.hibernate.SQL - delete from glamgest_db.sale_details where detail_id=?
2026-05-01 15:32:41 [http-nio-8080-exec-4] DEBUG org.hibernate.SQL - delete from glamgest_db.sales where sale_id=?
2026-05-01 15:33:54 [http-nio-8080-exec-5] DEBUG org.hibernate.SQL - select u1_0.user_id,u1_0.active,u1_0.email,u1_0.name,u1_0.password,u1_0.role_id from glamgest_db.users u1_0 where u1_0.email=? and u1_0.active=1
2026-05-01 15:33:54 [http-nio-8080-exec-5] DEBUG org.hibernate.SQL - select r1_0.role_id,r1_0.description,r1_0.name from glamgest_db.roles r1_0 where r1_0.role_id=?
2026-05-01 15:33:54 [http-nio-8080-exec-5] DEBUG org.hibernate.SQL - select r1_0.role_id from glamgest_db.roles r1_0 where r1_0.name=? limit ?
2026-05-01 15:33:54 [http-nio-8080-exec-5] DEBUG org.hibernate.SQL - insert into glamgest_db.roles (description,name) values (?,?)
2026-05-01 15:34:07 [http-nio-8080-exec-6] DEBUG org.hibernate.SQL - select u1_0.user_id,u1_0.active,u1_0.email,u1_0.name,u1_0.password,u1_0.role_id from glamgest_db.users u1_0 where u1_0.email=? and u1_0.active=1
2026-05-01 15:34:07 [http-nio-8080-exec-6] DEBUG org.hibernate.SQL - select r1_0.role_id,r1_0.description,r1_0.name from glamgest_db.roles r1_0 where r1_0.role_id=?
2026-05-01 15:34:07 [http-nio-8080-exec-6] DEBUG org.hibernate.SQL - select e1_0.employee_id,e1_0.active,e1_0.name,e1_0.phone from glamgest_db.employees e1_0
2026-05-01 15:34:26 [http-nio-8080-exec-7] DEBUG org.hibernate.SQL - select u1_0.user_id,u1_0.active,u1_0.email,u1_0.name,u1_0.password,u1_0.role_id from glamgest_db.users u1_0 where u1_0.email=? and u1_0.active=1
2026-05-01 15:34:26 [http-nio-8080-exec-7] DEBUG org.hibernate.SQL - select r1_0.role_id,r1_0.description,r1_0.name from glamgest_db.roles r1_0 where r1_0.role_id=?
2026-05-01 15:34:26 [http-nio-8080-exec-7] DEBUG org.hibernate.SQL - select r1_0.role_id,r1_0.description,r1_0.name from glamgest_db.roles r1_0
2026-05-01 15:34:43 [http-nio-8080-exec-8] DEBUG org.hibernate.SQL - select u1_0.user_id,u1_0.active,u1_0.email,u1_0.name,u1_0.password,u1_0.role_id from glamgest_db.users u1_0 where u1_0.email=? and u1_0.active=1
2026-05-01 15:34:43 [http-nio-8080-exec-8] DEBUG org.hibernate.SQL - select r1_0.role_id,r1_0.description,r1_0.name from glamgest_db.roles r1_0 where r1_0.role_id=?
2026-05-01 15:34:43 [http-nio-8080-exec-8] DEBUG org.hibernate.SQL - select r1_0.role_id,r1_0.description,r1_0.name from glamgest_db.roles r1_0 where r1_0.role_id=?
2026-05-01 15:34:43 [http-nio-8080-exec-8] DEBUG org.hibernate.SQL - select r1_0.role_id,r1_0.description,r1_0.name from glamgest_db.roles r1_0 where r1_0.name=?
2026-05-01 15:34:43 [http-nio-8080-exec-8] DEBUG org.hibernate.SQL - update glamgest_db.roles set description=?,name=? where role_id=?
2026-05-01 15:34:45 [http-nio-8080-exec-3] DEBUG org.hibernate.SQL - select u1_0.user_id,u1_0.active,u1_0.email,u1_0.name,u1_0.password,u1_0.role_id from glamgest_db.users u1_0 where u1_0.email=? and u1_0.active=1
2026-05-01 15:34:45 [http-nio-8080-exec-3] DEBUG org.hibernate.SQL - select r1_0.role_id,r1_0.description,r1_0.name from glamgest_db.roles r1_0 where r1_0.role_id=?
2026-05-01 15:34:45 [http-nio-8080-exec-3] DEBUG org.hibernate.SQL - select r1_0.role_id,r1_0.description,r1_0.name from glamgest_db.roles r1_0 where r1_0.role_id=?
2026-05-01 15:34:45 [http-nio-8080-exec-3] DEBUG org.hibernate.SQL - select r1_0.role_id,r1_0.description,r1_0.name from glamgest_db.roles r1_0 where r1_0.name=?
2026-05-01 15:34:50 [http-nio-8080-exec-10] DEBUG org.hibernate.SQL - select u1_0.user_id,u1_0.active,u1_0.email,u1_0.name,u1_0.password,u1_0.role_id from glamgest_db.users u1_0 where u1_0.email=? and u1_0.active=1
2026-05-01 15:34:50 [http-nio-8080-exec-10] DEBUG org.hibernate.SQL - select r1_0.role_id,r1_0.description,r1_0.name from glamgest_db.roles r1_0 where r1_0.role_id=?
2026-05-01 15:34:50 [http-nio-8080-exec-10] DEBUG org.hibernate.SQL - select r1_0.role_id,r1_0.description,r1_0.name from glamgest_db.roles r1_0
2026-05-01 15:35:12 [http-nio-8080-exec-1] DEBUG org.hibernate.SQL - select u1_0.user_id,u1_0.active,u1_0.email,u1_0.name,u1_0.password,u1_0.role_id from glamgest_db.users u1_0 where u1_0.email=? and u1_0.active=1
2026-05-01 15:35:12 [http-nio-8080-exec-1] DEBUG org.hibernate.SQL - select r1_0.role_id,r1_0.description,r1_0.name from glamgest_db.roles r1_0 where r1_0.role_id=?
2026-05-01 15:35:12 [http-nio-8080-exec-1] DEBUG org.hibernate.SQL - select count(*) from glamgest_db.roles r1_0 where r1_0.role_id=?
2026-05-01 15:35:12 [http-nio-8080-exec-1] DEBUG org.hibernate.SQL - select r1_0.role_id,r1_0.description,r1_0.name from glamgest_db.roles r1_0 where r1_0.role_id=?
2026-05-01 15:35:12 [http-nio-8080-exec-1] DEBUG org.hibernate.SQL - delete from glamgest_db.roles where role_id=?
2026-05-01 15:35:20 [http-nio-8080-exec-9] DEBUG org.hibernate.SQL - select u1_0.user_id,u1_0.active,u1_0.email,u1_0.name,u1_0.password,u1_0.role_id from glamgest_db.users u1_0 where u1_0.email=? and u1_0.active=1
2026-05-01 15:35:20 [http-nio-8080-exec-9] DEBUG org.hibernate.SQL - select r1_0.role_id,r1_0.description,r1_0.name from glamgest_db.roles r1_0 where r1_0.role_id=?
2026-05-01 15:35:20 [http-nio-8080-exec-9] DEBUG org.hibernate.SQL - select r1_0.role_id,r1_0.description,r1_0.name from glamgest_db.roles r1_0 where r1_0.role_id=?
2026-05-01 15:35:24 [http-nio-8080-exec-4] DEBUG org.hibernate.SQL - select u1_0.user_id,u1_0.active,u1_0.email,u1_0.name,u1_0.password,u1_0.role_id from glamgest_db.users u1_0 where u1_0.email=? and u1_0.active=1
2026-05-01 15:35:24 [http-nio-8080-exec-4] DEBUG org.hibernate.SQL - select r1_0.role_id,r1_0.description,r1_0.name from glamgest_db.roles r1_0 where r1_0.role_id=?
2026-05-01 15:35:24 [http-nio-8080-exec-4] DEBUG org.hibernate.SQL - select r1_0.role_id,r1_0.description,r1_0.name from glamgest_db.roles r1_0 where r1_0.role_id=?
